{"/home/andre/Documentos/albernazandre.github.io/sd-028-a-project-recipes-app/src/pages/DrinksDetails.js": {"path":"/home/andre/Documentos/albernazandre.github.io/sd-028-a-project-recipes-app/src/pages/DrinksDetails.js","statementMap":{"0":{"start":{"line":5,"column":2},"end":{"line":10,"column":4}}},"fnMap":{"0":{"name":"DrinksDetails","decl":{"start":{"line":4,"column":9},"end":{"line":4,"column":22}},"loc":{"start":{"line":4,"column":25},"end":{"line":11,"column":1}},"line":4}},"branchMap":{},"s":{"0":0},"f":{"0":0},"b":{},"_coverageSchema":"1a1c01bbd47fc00a2c39e90264f33305004495a9","hash":"75397da3bf68c6583a287cd49c6bece9095d21f1"}
}
