{"total": {"lines":{"total":79,"covered":70,"skipped":0,"pct":88.6},"statements":{"total":83,"covered":73,"skipped":0,"pct":87.95},"functions":{"total":30,"covered":26,"skipped":0,"pct":86.66},"branches":{"total":14,"covered":9,"skipped":0,"pct":64.28},"branchesTrue":{"total":0,"covered":0,"skipped":0,"pct":100}}
,"/home/andre/Documentos/albernazandre.github.io/sd-028-a-project-starwars-planets-search/src/App.css": {"lines":{"total":1,"covered":1,"skipped":0,"pct":100},"functions":{"total":0,"covered":0,"skipped":0,"pct":100},"statements":{"total":1,"covered":1,"skipped":0,"pct":100},"branches":{"total":0,"covered":0,"skipped":0,"pct":100}}
,"/home/andre/Documentos/albernazandre.github.io/sd-028-a-project-starwars-planets-search/src/App.js": {"lines":{"total":1,"covered":1,"skipped":0,"pct":100},"functions":{"total":1,"covered":1,"skipped":0,"pct":100},"statements":{"total":1,"covered":1,"skipped":0,"pct":100},"branches":{"total":0,"covered":0,"skipped":0,"pct":100}}
,"/home/andre/Documentos/albernazandre.github.io/sd-028-a-project-starwars-planets-search/src/components/Filter.jsx": {"lines":{"total":19,"covered":16,"skipped":0,"pct":84.21},"functions":{"total":7,"covered":7,"skipped":0,"pct":100},"statements":{"total":21,"covered":18,"skipped":0,"pct":85.71},"branches":{"total":8,"covered":5,"skipped":0,"pct":62.5}}
,"/home/andre/Documentos/albernazandre.github.io/sd-028-a-project-starwars-planets-search/src/components/Form.jsx": {"lines":{"total":35,"covered":29,"skipped":0,"pct":82.85},"functions":{"total":13,"covered":9,"skipped":0,"pct":69.23},"statements":{"total":37,"covered":30,"skipped":0,"pct":81.08},"branches":{"total":6,"covered":4,"skipped":0,"pct":66.66}}
,"/home/andre/Documentos/albernazandre.github.io/sd-028-a-project-starwars-planets-search/src/components/Table.jsx": {"lines":{"total":4,"covered":4,"skipped":0,"pct":100},"functions":{"total":3,"covered":3,"skipped":0,"pct":100},"statements":{"total":4,"covered":4,"skipped":0,"pct":100},"branches":{"total":0,"covered":0,"skipped":0,"pct":100}}
,"/home/andre/Documentos/albernazandre.github.io/sd-028-a-project-starwars-planets-search/src/context/ContextApp.jsx": {"lines":{"total":12,"covered":12,"skipped":0,"pct":100},"functions":{"total":3,"covered":3,"skipped":0,"pct":100},"statements":{"total":12,"covered":12,"skipped":0,"pct":100},"branches":{"total":0,"covered":0,"skipped":0,"pct":100}}
,"/home/andre/Documentos/albernazandre.github.io/sd-028-a-project-starwars-planets-search/src/pages/Home.jsx": {"lines":{"total":1,"covered":1,"skipped":0,"pct":100},"functions":{"total":1,"covered":1,"skipped":0,"pct":100},"statements":{"total":1,"covered":1,"skipped":0,"pct":100},"branches":{"total":0,"covered":0,"skipped":0,"pct":100}}
,"/home/andre/Documentos/albernazandre.github.io/sd-028-a-project-starwars-planets-search/src/services/FetchPlanets.js": {"lines":{"total":6,"covered":6,"skipped":0,"pct":100},"functions":{"total":2,"covered":2,"skipped":0,"pct":100},"statements":{"total":6,"covered":6,"skipped":0,"pct":100},"branches":{"total":0,"covered":0,"skipped":0,"pct":100}}
}
